  % Total    % Received % Xferd  Average Speed   Time    Time     Time  Current
                                 Dload  Upload   Total   Spent    Left  Speed
  0     0    0     0    0     0      0      0 --:--:-- --:--:-- --:--:--     0*   Trying 18.116.201.189:80...
* Connected to ec2-18-116-201-189.us-east-2.compute.amazonaws.com (18.116.201.189) port 80 (#0)
> GET / HTTP/1.1
> Host: ec2-18-116-201-189.us-east-2.compute.amazonaws.com
> User-Agent: curl/7.79.1
> Accept: */*
> Cookie: login=eyJ1c2VybmFtZSI6ImF3ZGVvcmlvIn0.ZSynSQ.fDqgUAJ0Q9zZpb80H13LgrtD-Ek
> 
* Mark bundle as not supporting multiuse
< HTTP/1.1 200 OK
< Server: nginx/1.18.0 (Ubuntu)
< Date: Mon, 16 Oct 2023 03:00:58 GMT
< Content-Type: text/html; charset=utf-8
< Content-Length: 346
< Connection: keep-alive
< Vary: Cookie
< 
{ [346 bytes data]
100   346  100   346    0     0   1263      0 --:--:-- --:--:-- --:--:--  1295
* Connection #0 to host ec2-18-116-201-189.us-east-2.compute.amazonaws.com left intact
